<?xml version="1.0" encoding="UTF-8"?>
<coverage generated="1680252112788" clover="3.2.0">
  <project timestamp="1680252112788" name="All files">
    <metrics statements="30" coveredstatements="28" conditionals="13" coveredconditionals="11" methods="4" coveredmethods="4" elements="47" coveredelements="43" complexity="0" loc="30" ncloc="30" packages="1" files="3" classes="3"/>
    <file name="circular.ts" path="/Users/teerapat.cho/Documents/jest/circular.ts">
      <metrics statements="20" coveredstatements="18" conditionals="5" coveredconditionals="3" methods="2" coveredmethods="2"/>
      <line num="1" count="1" type="stmt"/>
      <line num="2" count="1" type="stmt"/>
      <line num="3" count="1" type="stmt"/>
      <line num="4" count="1" type="stmt"/>
      <line num="6" count="1" type="stmt"/>
      <line num="8" count="7" type="cond" truecount="1" falsecount="0"/>
      <line num="9" count="2" type="cond" truecount="1" falsecount="0"/>
      <line num="10" count="1" type="stmt"/>
      <line num="11" count="1" type="cond" truecount="0" falsecount="1"/>
      <line num="12" count="0" type="stmt"/>
      <line num="16" count="7" type="stmt"/>
      <line num="17" count="7" type="stmt"/>
      <line num="18" count="7" type="cond" truecount="1" falsecount="0"/>
      <line num="19" count="1" type="stmt"/>
      <line num="24" count="1" type="stmt"/>
      <line num="27" count="2" type="stmt"/>
      <line num="28" count="2" type="stmt"/>
      <line num="29" count="2" type="cond" truecount="0" falsecount="1"/>
      <line num="30" count="0" type="stmt"/>
      <line num="33" count="2" type="stmt"/>
    </file>
    <file name="fizzbuzz.ts" path="/Users/teerapat.cho/Documents/jest/fizzbuzz.ts">
      <metrics statements="8" coveredstatements="8" conditionals="8" coveredconditionals="8" methods="1" coveredmethods="1"/>
      <line num="1" count="1" type="stmt"/>
      <line num="2" count="8" type="cond" truecount="4" falsecount="0"/>
      <line num="3" count="5" type="stmt"/>
      <line num="5" count="3" type="cond" truecount="2" falsecount="0"/>
      <line num="6" count="1" type="stmt"/>
      <line num="8" count="2" type="cond" truecount="2" falsecount="0"/>
      <line num="9" count="1" type="stmt"/>
      <line num="12" count="1" type="stmt"/>
    </file>
    <file name="sum.ts" path="/Users/teerapat.cho/Documents/jest/sum.ts">
      <metrics statements="2" coveredstatements="2" conditionals="0" coveredconditionals="0" methods="1" coveredmethods="1"/>
      <line num="1" count="1" type="stmt"/>
      <line num="2" count="1" type="stmt"/>
    </file>
  </project>
</coverage>
