{"/Users/teerapat.cho/Documents/jest/circular.ts": {"path":"/Users/teerapat.cho/Documents/jest/circular.ts","statementMap":{"0":{"start":{"line":1,"column":19},"end":{"line":1,"column":20}},"1":{"start":{"line":2,"column":11},"end":{"line":2,"column":12}},"2":{"start":{"line":3,"column":12},"end":{"line":3,"column":13}},"3":{"start":{"line":4,"column":12},"end":{"line":4,"column":41}},"4":{"start":{"line":8,"column":2},"end":{"line":15,"column":null}},"5":{"start":{"line":9,"column":4},"end":{"line":14,"column":null}},"6":{"start":{"line":10,"column":6},"end":{"line":10,"column":13}},"7":{"start":{"line":11,"column":6},"end":{"line":13,"column":null}},"8":{"start":{"line":12,"column":8},"end":{"line":12,"column":17}},"9":{"start":{"line":16,"column":2},"end":{"line":16,"column":17}},"10":{"start":{"line":17,"column":2},"end":{"line":17,"column":null}},"11":{"start":{"line":18,"column":2},"end":{"line":20,"column":null}},"12":{"start":{"line":19,"column":4},"end":{"line":19,"column":null}},"13":{"start":{"line":6,"column":0},"end":{"line":6,"column":16}},"14":{"start":{"line":27,"column":17},"end":{"line":27,"column":26}},"15":{"start":{"line":28,"column":2},"end":{"line":28,"column":null}},"16":{"start":{"line":29,"column":2},"end":{"line":31,"column":null}},"17":{"start":{"line":30,"column":4},"end":{"line":30,"column":null}},"18":{"start":{"line":33,"column":2},"end":{"line":33,"column":null}},"19":{"start":{"line":24,"column":0},"end":{"line":24,"column":16}}},"fnMap":{"0":{"name":"put","decl":{"start":{"line":6,"column":16},"end":{"line":6,"column":19}},"loc":{"start":{"line":6,"column":29},"end":{"line":22,"column":1}}},"1":{"name":"get","decl":{"start":{"line":24,"column":16},"end":{"line":24,"column":19}},"loc":{"start":{"line":24,"column":19},"end":{"line":34,"column":1}}}},"branchMap":{"0":{"loc":{"start":{"line":8,"column":2},"end":{"line":15,"column":null}},"type":"if","locations":[{"start":{"line":8,"column":2},"end":{"line":15,"column":null}}]},"1":{"loc":{"start":{"line":9,"column":4},"end":{"line":14,"column":null}},"type":"if","locations":[{"start":{"line":9,"column":4},"end":{"line":14,"column":null}}]},"2":{"loc":{"start":{"line":11,"column":6},"end":{"line":13,"column":null}},"type":"if","locations":[{"start":{"line":11,"column":6},"end":{"line":13,"column":null}}]},"3":{"loc":{"start":{"line":18,"column":2},"end":{"line":20,"column":null}},"type":"if","locations":[{"start":{"line":18,"column":2},"end":{"line":20,"column":null}}]},"4":{"loc":{"start":{"line":29,"column":2},"end":{"line":31,"column":null}},"type":"if","locations":[{"start":{"line":29,"column":2},"end":{"line":31,"column":null}}]}},"s":{"0":1,"1":1,"2":1,"3":1,"4":7,"5":2,"6":1,"7":1,"8":0,"9":7,"10":7,"11":7,"12":1,"13":1,"14":2,"15":2,"16":2,"17":0,"18":2,"19":1},"f":{"0":7,"1":2},"b":{"0":[2],"1":[1],"2":[0],"3":[1],"4":[0]}}
,"/Users/teerapat.cho/Documents/jest/fizzbuzz.ts": {"path":"/Users/teerapat.cho/Documents/jest/fizzbuzz.ts","statementMap":{"0":{"start":{"line":2,"column":2},"end":{"line":13,"column":null}},"1":{"start":{"line":3,"column":4},"end":{"line":3,"column":null}},"2":{"start":{"line":5,"column":7},"end":{"line":13,"column":null}},"3":{"start":{"line":6,"column":4},"end":{"line":6,"column":null}},"4":{"start":{"line":8,"column":7},"end":{"line":13,"column":null}},"5":{"start":{"line":9,"column":4},"end":{"line":9,"column":null}},"6":{"start":{"line":12,"column":4},"end":{"line":12,"column":null}},"7":{"start":{"line":1,"column":0},"end":{"line":1,"column":16}}},"fnMap":{"0":{"name":"Say","decl":{"start":{"line":1,"column":16},"end":{"line":1,"column":19}},"loc":{"start":{"line":1,"column":29},"end":{"line":14,"column":1}}}},"branchMap":{"0":{"loc":{"start":{"line":2,"column":2},"end":{"line":13,"column":null}},"type":"if","locations":[{"start":{"line":2,"column":2},"end":{"line":13,"column":null}},{"start":{"line":5,"column":7},"end":{"line":13,"column":null}}]},"1":{"loc":{"start":{"line":2,"column":6},"end":{"line":2,"column":30}},"type":"binary-expr","locations":[{"start":{"line":2,"column":6},"end":{"line":2,"column":16}},{"start":{"line":2,"column":20},"end":{"line":2,"column":30}}]},"2":{"loc":{"start":{"line":5,"column":7},"end":{"line":13,"column":null}},"type":"if","locations":[{"start":{"line":5,"column":7},"end":{"line":13,"column":null}},{"start":{"line":8,"column":7},"end":{"line":13,"column":null}}]},"3":{"loc":{"start":{"line":8,"column":7},"end":{"line":13,"column":null}},"type":"if","locations":[{"start":{"line":8,"column":7},"end":{"line":13,"column":null}},{"start":{"line":11,"column":7},"end":{"line":13,"column":null}}]}},"s":{"0":8,"1":5,"2":3,"3":1,"4":2,"5":1,"6":1,"7":1},"f":{"0":8},"b":{"0":[5,3],"1":[8,6],"2":[1,2],"3":[1,1]}}
,"/Users/teerapat.cho/Documents/jest/sum.ts": {"path":"/Users/teerapat.cho/Documents/jest/sum.ts","statementMap":{"0":{"start":{"line":2,"column":2},"end":{"line":2,"column":15}},"1":{"start":{"line":1,"column":0},"end":{"line":1,"column":16}}},"fnMap":{"0":{"name":"sum","decl":{"start":{"line":1,"column":16},"end":{"line":1,"column":19}},"loc":{"start":{"line":1,"column":40},"end":{"line":3,"column":1}}}},"branchMap":{},"s":{"0":1,"1":1},"f":{"0":1},"b":{}}
}
