TN:
SF:circular.ts
FN:6,put
FN:24,get
FNF:2
FNH:2
FNDA:7,put
FNDA:2,get
DA:1,1
DA:2,1
DA:3,1
DA:4,1
DA:6,1
DA:8,7
DA:9,2
DA:10,1
DA:11,1
DA:12,0
DA:16,7
DA:17,7
DA:18,7
DA:19,1
DA:24,1
DA:27,2
DA:28,2
DA:29,2
DA:30,0
DA:33,2
LF:20
LH:18
BRDA:8,0,0,2
BRDA:9,1,0,1
BRDA:11,2,0,0
BRDA:18,3,0,1
BRDA:29,4,0,0
BRF:5
BRH:3
end_of_record
TN:
SF:fizzbuzz.ts
FN:1,Say
FNF:1
FNH:1
FNDA:8,Say
DA:1,1
DA:2,8
DA:3,5
DA:5,3
DA:6,1
DA:8,2
DA:9,1
DA:12,1
LF:8
LH:8
BRDA:2,0,0,5
BRDA:2,0,1,3
BRDA:2,1,0,8
BRDA:2,1,1,6
BRDA:5,2,0,1
BRDA:5,2,1,2
BRDA:8,3,0,1
BRDA:8,3,1,1
BRF:8
BRH:8
end_of_record
TN:
SF:sum.ts
FN:1,sum
FNF:1
FNH:1
FNDA:1,sum
DA:1,1
DA:2,1
LF:2
LH:2
BRF:0
BRH:0
end_of_record
